#
# A fatal error has been detected by the Java Runtime Environment:
#
#  Internal Error (javaClasses.cpp:129), pid=2180, tid=4928
#  fatal error: Invalid layout of preloaded class
#
# JRE version: 7.0_25-b17
# Java VM: Java HotSpot(TM) 64-Bit Server VM (23.25-b01 mixed mode windows-amd64 compressed oops)
# Failed to write core dump. Minidumps are not enabled by default on client versions of Windows
#
# If you would like to submit a bug report, please visit:
#   http://bugreport.sun.com/bugreport/crash.jsp
#

---------------  T H R E A D  ---------------

Current thread (0x0000000002d4e800):  JavaThread "Unknown thread" [_thread_in_vm, id=4928, stack(0x0000000002d50000,0x0000000002e50000)]

Stack: [0x0000000002d50000,0x0000000002e50000]

---------------  P R O C E S S  ---------------

Java Threads: ( => current thread )

Other Threads:

=>0x0000000002d4e800 (exited) JavaThread "Unknown thread" [_thread_in_vm, id=4928, stack(0x0000000002d50000,0x0000000002e50000)]

VM state:not at safepoint (not fully initialized)

VM Mutex/Monitor currently owned by a thread: None

GC Heap History (0 events):
No events

Deoptimization events (0 events):
No events

Internal exceptions (0 events):
No events

Events (10 events):
Event: 0.035 loading class 0x0000000002e951c0 done
Event: 0.035 loading class 0x0000000002e5bbc0 done
Event: 0.035 loading class 0x0000000002e5bb90
Event: 0.035 loading class 0x0000000002e9c7f0
Event: 0.035 loading class 0x0000000002e9c7f0 done
Event: 0.035 loading class 0x0000000002e9c9b0
Event: 0.035 loading class 0x0000000002e9c9b0 done
Event: 0.035 loading class 0x000000000909d230
Event: 0.035 loading class 0x000000000909d230 done
Event: 0.035 loading class 0x0000000002e5bb90 done


Dynamic libraries:
0x000007f6729e0000 - 0x000007f672a13000 	C:\Program Files\Java\jre7\bin\javaw.exe
0x000007ffaf5b0000 - 0x000007ffaf770000 	C:\Windows\SYSTEM32\ntdll.dll
0x000007ffaea20000 - 0x000007ffaeb56000 	C:\Windows\system32\KERNEL32.DLL
0x000007ffac850000 - 0x000007ffac943000 	C:\Windows\system32\KERNELBASE.dll
0x000007ffacb10000 - 0x000007ffacbee000 	C:\Windows\system32\ADVAPI32.dll
0x000007ffad2f0000 - 0x000007ffad43c000 	C:\Windows\system32\USER32.dll
0x000007ffaa1f0000 - 0x000007ffaa45a000 	C:\Windows\WinSxS\amd64_microsoft.windows.common-controls_6595b64144ccf1df_6.0.9200.16579_none_418ab7ef718b27ef\COMCTL32.dll
0x000007ffae720000 - 0x000007ffae7c5000 	C:\Windows\system32\msvcrt.dll
0x000007ffacbf0000 - 0x000007ffacc38000 	C:\Windows\SYSTEM32\sechost.dll
0x000007ffacd00000 - 0x000007fface45000 	C:\Windows\system32\RPCRT4.dll
0x000007ffac9a0000 - 0x000007ffacae1000 	C:\Windows\system32\GDI32.dll
0x000007ffaebb0000 - 0x000007ffaebe9000 	C:\Windows\system32\IMM32.DLL
0x000007ffaf2b0000 - 0x000007ffaf3c5000 	C:\Windows\system32\MSCTF.dll
0x0000000074a00000 - 0x0000000074ad1000 	C:\Program Files\Java\jre7\bin\msvcr100.dll
0x00000000742f0000 - 0x00000000749ff000 	C:\Program Files\Java\jre7\bin\server\jvm.dll
0x000007ffa3590000 - 0x000007ffa3599000 	C:\Windows\SYSTEM32\WSOCK32.dll
0x000007ffaa760000 - 0x000007ffaa780000 	C:\Windows\SYSTEM32\WINMM.dll
0x000007ffaed90000 - 0x000007ffaed97000 	C:\Windows\system32\PSAPI.DLL
0x000007fface50000 - 0x000007ffacea8000 	C:\Windows\system32\WS2_32.dll
0x000007ffa9c60000 - 0x000007ffa9c92000 	C:\Windows\SYSTEM32\WINMMBASE.dll
0x000007ffaf3d0000 - 0x000007ffaf3d9000 	C:\Windows\system32\NSI.dll
0x0000000074b90000 - 0x0000000074b9f000 	C:\Program Files\Java\jre7\bin\verify.dll
0x0000000074b60000 - 0x0000000074b88000 	C:\Program Files\Java\jre7\bin\java.dll
0x0000000074b40000 - 0x0000000074b55000 	C:\Program Files\Java\jre7\bin\zip.dll

VM Arguments:
jvm_args: -Dfile.encoding=MS949 -Xbootclasspath:C:\Users\grandmarnier\adt-bundle\sdk\platforms\android-17\android.jar;C:\Users\grandmarnier\adt-bundle\sdk\add-ons\addon-google_apis-google-17\libs\effects.jar;C:\Users\grandmarnier\adt-bundle\sdk\add-ons\addon-google_apis-google-17\libs\usb.jar;C:\Users\grandmarnier\adt-bundle\sdk\add-ons\addon-google_apis-google-17\libs\maps.jar 
java_command: scala.tools.nsc.MainGenericRunner -Xnojline -classpath C:\Users\grandmarnier\adt-bundle\eclipse\configuration\org.eclipse.osgi\bundles\342\1\.cp\lib\scala-library.jar;C:\Users\grandmarnier\adt-bundle\eclipse\configuration\org.eclipse.osgi\bundles\342\1\.cp\lib\scala-swing.jar;C:\Users\grandmarnier\adt-bundle\eclipse\configuration\org.eclipse.osgi\bundles\341\1\.cp\lib\scala-compiler.jar;C:\Users\grandmarnier\adt-bundle\eclipse\configuration\org.eclipse.osgi\bundles\341\1\.cp\lib\scala-reflect.jar;C:\Users\grandmarnier\git\OneStep\OneStepAndroid\libs\CWAC-AdapterWrapper.jar;C:\Users\grandmarnier\git\OneStep\OneStepAndroid\libs\CWAC-EndlessAdapter.jar;C:\Users\grandmarnier\git\OneStep\OneStepAndroid\libs\gcm.jar;C:\Users\grandmarnier\git\OneStep\OneStepAndroid\libs\android-support-v4.jar;C:\Users\grandmarnier\git\OneStep\SlidingMenu-master\library\bin\slidinglibrary.jar;C:\Users\grandmarnier\git\OneStep\JakeWharton-ActionBarSherlock-e5c2d1c\library\bin\actionbarlibrary.jar;C:\Users\grandmarnier\git\OneStep\OneStepAndroid\bin\classes
Launcher Type: SUN_STANDARD

Environment Variables:
JAVA_HOME=C:\Program Files\Java\jdk1.7.0_25
PATH=C:\Program Files (x86)\NVIDIA Corporation\PhysX\Common;C:\Program Files (x86)\Common Files\NetSarang;C:\Windows\system32;C:\Windows;C:\Windows\System32\Wbem;C:\Windows\System32\WindowsPowerShell\v1.0\;C:\Program Files (x86)\scala\\bin;C:\Program Files (x86)\CodeBlocks\MinGW\bin;C:\Program Files\Java\jdk1.7.0_25\bin
USERNAME=grandmarnier
OS=Windows_NT
PROCESSOR_IDENTIFIER=Intel64 Family 6 Model 23 Stepping 10, GenuineIntel



---------------  S Y S T E M  ---------------

OS: Windows 8 , 64 bit Build 9200 

CPU:total 2 (2 cores per cpu, 1 threads per core) family 6 model 23 stepping 10, cmov, cx8, fxsr, mmx, sse, sse2, sse3, ssse3, sse4.1, tsc

Memory: 4k page, physical 4158064k(941816k free), swap 8352368k(2859884k free)

vm_info: Java HotSpot(TM) 64-Bit Server VM (23.25-b01) for windows-amd64 JRE (1.7.0_25-b17), built on Jun 21 2013 12:58:32 by "java_re" with unknown MS VC++:1600

time: Wed Sep 04 00:47:19 2013
elapsed time: 0 seconds

